#! /c/Source/iverilog-install/bin/vvp
:ivl_version "12.0 (devel)" "(s20150603-1539-g2693dd32b)";
:ivl_delay_selection "TYPICAL";
:vpi_time_precision + 0;
:vpi_module "C:\iverilog\lib\ivl\system.vpi";
:vpi_module "C:\iverilog\lib\ivl\vhdl_sys.vpi";
:vpi_module "C:\iverilog\lib\ivl\vhdl_textio.vpi";
:vpi_module "C:\iverilog\lib\ivl\v2005_math.vpi";
:vpi_module "C:\iverilog\lib\ivl\va_math.vpi";
S_0000014e79406050 .scope module, "main" "main" 2 1;
 .timescale 0 0;
    .port_info 0 /INPUT 1 "sys_clk";
    .port_info 1 /INPUT 1 "sys_rst_n";
    .port_info 2 /OUTPUT 1 "led";
v0000014e794061e0_0 .var "cnt", 23 0;
v0000014e79406280_0 .var "led", 0 0;
o0000014e79457038 .functor BUFZ 1, C4<z>; HiZ drive
v0000014e79406320_0 .net "sys_clk", 0 0, o0000014e79457038;  0 drivers
o0000014e79457068 .functor BUFZ 1, C4<z>; HiZ drive
v0000014e794063c0_0 .net "sys_rst_n", 0 0, o0000014e79457068;  0 drivers
E_0000014e7940c6f0/0 .event negedge, v0000014e794063c0_0;
E_0000014e7940c6f0/1 .event posedge, v0000014e79406320_0;
E_0000014e7940c6f0 .event/or E_0000014e7940c6f0/0, E_0000014e7940c6f0/1;
    .scope S_0000014e79406050;
T_0 ;
    %wait E_0000014e7940c6f0;
    %load/vec4 v0000014e794063c0_0;
    %nor/r;
    %flag_set/vec4 8;
    %jmp/0xz  T_0.0, 8;
    %pushi/vec4 0, 0, 24;
    %assign/vec4 v0000014e794061e0_0, 0;
    %jmp T_0.1;
T_0.0 ;
    %load/vec4 v0000014e794061e0_0;
    %cmpi/u 6749999, 0, 24;
    %jmp/0xz  T_0.2, 5;
    %load/vec4 v0000014e794061e0_0;
    %addi 1, 0, 24;
    %assign/vec4 v0000014e794061e0_0, 0;
    %jmp T_0.3;
T_0.2 ;
    %pushi/vec4 0, 0, 24;
    %assign/vec4 v0000014e794061e0_0, 0;
T_0.3 ;
T_0.1 ;
    %jmp T_0;
    .thread T_0;
    .scope S_0000014e79406050;
T_1 ;
    %wait E_0000014e7940c6f0;
    %load/vec4 v0000014e794063c0_0;
    %nor/r;
    %flag_set/vec4 8;
    %jmp/0xz  T_1.0, 8;
    %pushi/vec4 0, 0, 1;
    %assign/vec4 v0000014e79406280_0, 0;
    %jmp T_1.1;
T_1.0 ;
    %load/vec4 v0000014e794061e0_0;
    %cmpi/e 13499999, 0, 24;
    %jmp/0xz  T_1.2, 4;
    %load/vec4 v0000014e79406280_0;
    %inv;
    %assign/vec4 v0000014e79406280_0, 0;
T_1.2 ;
T_1.1 ;
    %jmp T_1;
    .thread T_1;
# The file index is used to find the file name in the following table.
:file_names 3;
    "N/A";
    "<interactive>";
    "main.v";
