Reading netlist file: "C:\Users\pedro\repos\learn_fpga\uart\impl\gwsynthesis\uart.vg"
Parsing netlist file "C:\Users\pedro\repos\learn_fpga\uart\impl\gwsynthesis\uart.vg" completed
Processing netlist completed
Reading constraint file: "C:\Users\pedro\repos\learn_fpga\uart\src\uart.cst"
Physical Constraint parsed completed
Running placement......
[10%] Placement Phase 0 completed
[20%] Placement Phase 1 completed
[30%] Placement Phase 2 completed
[50%] Placement Phase 3 completed
Running routing......
[60%] Routing Phase 0 completed
[70%] Routing Phase 1 completed
[90%] Routing Phase 3 completed
Running timing analysis......
[95%] Timing analysis completed
Placement and routing completed
Bitstream generation in progress......
Bitstream generation completed
Running power analysis......
[100%] Power analysis completed
Generate file "C:\Users\pedro\repos\learn_fpga\uart\impl\pnr\uart.power.html" completed
Generate file "C:\Users\pedro\repos\learn_fpga\uart\impl\pnr\uart.pin.html" completed
Generate file "C:\Users\pedro\repos\learn_fpga\uart\impl\pnr\uart.rpt.html" completed
Generate file "C:\Users\pedro\repos\learn_fpga\uart\impl\pnr\uart.rpt.txt" completed
Generate file "C:\Users\pedro\repos\learn_fpga\uart\impl\pnr\uart.tr.html" completed
Sat Jan 31 22:13:09 2026

