Reading netlist file: "C:\Users\pedro\repos\learn_fpga\blink\impl\gwsynthesis\blink.vg"
Parsing netlist file "C:\Users\pedro\repos\learn_fpga\blink\impl\gwsynthesis\blink.vg" completed
Processing netlist completed
Reading constraint file: "C:\Users\pedro\repos\learn_fpga\blink\src\blink.cst"
Physical Constraint parsed completed
Running placement......
[10%] Placement Phase 0 completed
[20%] Placement Phase 1 completed
[30%] Placement Phase 2 completed
WARN  (TA1132) :  'sys_clk' was determined to be a clock but was not created.
[50%] Placement Phase 3 completed
Running routing......
[60%] Routing Phase 0 completed
[70%] Routing Phase 1 completed
[80%] Routing Phase 2 completed
WARN  (PR1014) : Generic routing resource will be used to clock signal 'sys_clk_d' by the specified constraint. And then it may lead to the excessive delay or skew
[90%] Routing Phase 3 completed
Running timing analysis......
[95%] Timing analysis completed
Placement and routing completed
Bitstream generation in progress......
Bitstream generation completed
Running power analysis......
[100%] Power analysis completed
Generate file "C:\Users\pedro\repos\learn_fpga\blink\impl\pnr\blink.power.html" completed
Generate file "C:\Users\pedro\repos\learn_fpga\blink\impl\pnr\blink.pin.html" completed
Generate file "C:\Users\pedro\repos\learn_fpga\blink\impl\pnr\blink.rpt.html" completed
Generate file "C:\Users\pedro\repos\learn_fpga\blink\impl\pnr\blink.rpt.txt" completed
Generate file "C:\Users\pedro\repos\learn_fpga\blink\impl\pnr\blink.tr.html" completed
Sat Jan 31 19:43:18 2026

