#! /c/Source/iverilog-install/bin/vvp
:ivl_version "12.0 (devel)" "(s20150603-1539-g2693dd32b)";
:ivl_delay_selection "TYPICAL";
:vpi_time_precision + 0;
:vpi_module "C:\iverilog\lib\ivl\system.vpi";
:vpi_module "C:\iverilog\lib\ivl\vhdl_sys.vpi";
:vpi_module "C:\iverilog\lib\ivl\vhdl_textio.vpi";
:vpi_module "C:\iverilog\lib\ivl\v2005_math.vpi";
:vpi_module "C:\iverilog\lib\ivl\va_math.vpi";
S_000002108fc15ff0 .scope module, "main" "main" 2 2;
 .timescale 0 0;
    .port_info 0 /INPUT 1 "clk";
    .port_info 1 /INPUT 1 "rst_n";
    .port_info 2 /INPUT 1 "rx";
    .port_info 3 /OUTPUT 1 "tx";
o000002108fc16f98 .functor BUFZ 1, C4<z>; HiZ drive
v000002108fd0bee0_0 .net "clk", 0 0, o000002108fc16f98;  0 drivers
v000002108fc11d40_0 .net "data_ready", 0 0, v000002108fd0bd00_0;  1 drivers
v000002108fc11de0_0 .net "received_data", 7 0, v000002108fbe2f70_0;  1 drivers
o000002108fc17028 .functor BUFZ 1, C4<z>; HiZ drive
v000002108fc11e80_0 .net "rst_n", 0 0, o000002108fc17028;  0 drivers
o000002108fc17058 .functor BUFZ 1, C4<z>; HiZ drive
v000002108fc11f20_0 .net "rx", 0 0, o000002108fc17058;  0 drivers
o000002108fc17178 .functor BUFZ 1, C4<z>; HiZ drive
v000002108fc11fc0_0 .net "tx", 0 0, o000002108fc17178;  0 drivers
E_000002108fd0c130/0 .event negedge, v000002108fd0bda0_0;
E_000002108fd0c130/1 .event posedge, v000002108fbe31d0_0;
E_000002108fd0c130 .event/or E_000002108fd0c130/0, E_000002108fd0c130/1;
S_000002108fc16180 .scope module, "uart_receiver" "receiver" 2 14, 3 1 0, S_000002108fc15ff0;
 .timescale 0 0;
    .port_info 0 /INPUT 1 "clk";
    .port_info 1 /INPUT 1 "rst_n";
    .port_info 2 /INPUT 1 "rx";
    .port_info 3 /OUTPUT 8 "data_out";
    .port_info 4 /OUTPUT 1 "data_ready";
v000002108fbe31d0_0 .net "clk", 0 0, o000002108fc16f98;  alias, 0 drivers
v000002108fbe2f70_0 .var "data_out", 7 0;
v000002108fd0bd00_0 .var "data_ready", 0 0;
v000002108fd0bda0_0 .net "rst_n", 0 0, o000002108fc17028;  alias, 0 drivers
v000002108fd0be40_0 .net "rx", 0 0, o000002108fc17058;  alias, 0 drivers
    .scope S_000002108fc15ff0;
T_0 ;
    %wait E_000002108fd0c130;
    %load/vec4 v000002108fc11e80_0;
    %nor/r;
    %flag_set/vec4 8;
    %jmp/0xz  T_0.0, 8;
T_0.0 ;
    %jmp T_0;
    .thread T_0;
# The file index is used to find the file name in the following table.
:file_names 4;
    "N/A";
    "<interactive>";
    "main.v";
    "./receiver.v";
