#! /c/Source/iverilog-install/bin/vvp
:ivl_version "12.0 (devel)" "(s20150603-1539-g2693dd32b)";
:ivl_delay_selection "TYPICAL";
:vpi_time_precision + 0;
:vpi_module "C:\iverilog\lib\ivl\system.vpi";
:vpi_module "C:\iverilog\lib\ivl\vhdl_sys.vpi";
:vpi_module "C:\iverilog\lib\ivl\vhdl_textio.vpi";
:vpi_module "C:\iverilog\lib\ivl\v2005_math.vpi";
:vpi_module "C:\iverilog\lib\ivl\va_math.vpi";
S_0000019e12842df0 .scope module, "transmitter" "transmitter" 2 1;
 .timescale 0 0;
    .port_info 0 /INPUT 1 "clk";
    .port_info 1 /INPUT 1 "rst_n";
    .port_info 2 /INPUT 8 "data_in";
    .port_info 3 /INPUT 1 "tx_start";
    .port_info 4 /OUTPUT 1 "tx";
    .port_info 5 /OUTPUT 1 "tx_busy";
P_0000019e12842f80 .param/l "BAUD_RATE" 0 2 11, +C4<00000000000000011100001000000000>;
P_0000019e12842fb8 .param/l "CLK_FREQ" 0 2 10, +C4<00000001011011100011011000000000>;
P_0000019e12842ff0 .param/l "CYC_PER_BIT" 1 2 12, +C4<00000000000000000000000011010000>;
P_0000019e12843028 .param/l "STATE_DATA" 1 2 16, C4<10>;
P_0000019e12843060 .param/l "STATE_IDLE" 1 2 14, C4<00>;
P_0000019e12843098 .param/l "STATE_START" 1 2 15, C4<01>;
P_0000019e128430d0 .param/l "STATE_STOP" 1 2 17, C4<11>;
v0000019e12843340_0 .var "bit_index", 2 0;
o0000019e1287df78 .functor BUFZ 1, C4<z>; HiZ drive
v0000019e127bbd00_0 .net "clk", 0 0, o0000019e1287df78;  0 drivers
v0000019e128740d0_0 .var "clk_count", 15 0;
o0000019e1287dfd8 .functor BUFZ 8, C4<zzzzzzzz>; HiZ drive
v0000019e12874170_0 .net "data_in", 7 0, o0000019e1287dfd8;  0 drivers
o0000019e1287e008 .functor BUFZ 1, C4<z>; HiZ drive
v0000019e12874210_0 .net "rst_n", 0 0, o0000019e1287e008;  0 drivers
v0000019e128742b0_0 .var "state", 1 0;
v0000019e12874350_0 .var "tx", 0 0;
v0000019e128743f0_0 .var "tx_busy", 0 0;
v0000019e12874490_0 .var "tx_shift_reg", 7 0;
o0000019e1287e0f8 .functor BUFZ 1, C4<z>; HiZ drive
v0000019e12874530_0 .net "tx_start", 0 0, o0000019e1287e0f8;  0 drivers
E_0000019e127b8230/0 .event negedge, v0000019e12874210_0;
E_0000019e127b8230/1 .event posedge, v0000019e127bbd00_0;
E_0000019e127b8230 .event/or E_0000019e127b8230/0, E_0000019e127b8230/1;
    .scope S_0000019e12842df0;
T_0 ;
    %wait E_0000019e127b8230;
    %load/vec4 v0000019e12874210_0;
    %nor/r;
    %flag_set/vec4 8;
    %jmp/0xz  T_0.0, 8;
    %pushi/vec4 0, 0, 2;
    %assign/vec4 v0000019e128742b0_0, 0;
    %pushi/vec4 1, 0, 1;
    %assign/vec4 v0000019e12874350_0, 0;
    %pushi/vec4 0, 0, 1;
    %assign/vec4 v0000019e128743f0_0, 0;
    %pushi/vec4 0, 0, 3;
    %assign/vec4 v0000019e12843340_0, 0;
    %pushi/vec4 0, 0, 16;
    %assign/vec4 v0000019e128740d0_0, 0;
    %pushi/vec4 0, 0, 8;
    %assign/vec4 v0000019e12874490_0, 0;
    %jmp T_0.1;
T_0.0 ;
    %load/vec4 v0000019e128742b0_0;
    %dup/vec4;
    %pushi/vec4 0, 0, 2;
    %cmp/u;
    %jmp/1 T_0.2, 6;
    %dup/vec4;
    %pushi/vec4 1, 0, 2;
    %cmp/u;
    %jmp/1 T_0.3, 6;
    %dup/vec4;
    %pushi/vec4 2, 0, 2;
    %cmp/u;
    %jmp/1 T_0.4, 6;
    %dup/vec4;
    %pushi/vec4 3, 0, 2;
    %cmp/u;
    %jmp/1 T_0.5, 6;
    %pushi/vec4 0, 0, 2;
    %assign/vec4 v0000019e128742b0_0, 0;
    %jmp T_0.7;
T_0.2 ;
    %pushi/vec4 1, 0, 1;
    %assign/vec4 v0000019e12874350_0, 0;
    %pushi/vec4 0, 0, 1;
    %assign/vec4 v0000019e128743f0_0, 0;
    %pushi/vec4 0, 0, 3;
    %assign/vec4 v0000019e12843340_0, 0;
    %pushi/vec4 0, 0, 16;
    %assign/vec4 v0000019e128740d0_0, 0;
    %load/vec4 v0000019e12874530_0;
    %flag_set/vec4 8;
    %jmp/0xz  T_0.8, 8;
    %load/vec4 v0000019e12874170_0;
    %assign/vec4 v0000019e12874490_0, 0;
    %pushi/vec4 1, 0, 2;
    %assign/vec4 v0000019e128742b0_0, 0;
    %pushi/vec4 1, 0, 1;
    %assign/vec4 v0000019e128743f0_0, 0;
T_0.8 ;
    %jmp T_0.7;
T_0.3 ;
    %pushi/vec4 0, 0, 1;
    %assign/vec4 v0000019e12874350_0, 0;
    %load/vec4 v0000019e128740d0_0;
    %pad/u 32;
    %cmpi/u 207, 0, 32;
    %jmp/0xz  T_0.10, 5;
    %load/vec4 v0000019e128740d0_0;
    %addi 1, 0, 16;
    %assign/vec4 v0000019e128740d0_0, 0;
    %jmp T_0.11;
T_0.10 ;
    %pushi/vec4 0, 0, 16;
    %assign/vec4 v0000019e128740d0_0, 0;
    %pushi/vec4 2, 0, 2;
    %assign/vec4 v0000019e128742b0_0, 0;
T_0.11 ;
    %jmp T_0.7;
T_0.4 ;
    %load/vec4 v0000019e12874490_0;
    %load/vec4 v0000019e12843340_0;
    %part/u 1;
    %assign/vec4 v0000019e12874350_0, 0;
    %load/vec4 v0000019e128740d0_0;
    %pad/u 32;
    %cmpi/u 207, 0, 32;
    %jmp/0xz  T_0.12, 5;
    %load/vec4 v0000019e128740d0_0;
    %addi 1, 0, 16;
    %assign/vec4 v0000019e128740d0_0, 0;
    %jmp T_0.13;
T_0.12 ;
    %pushi/vec4 0, 0, 16;
    %assign/vec4 v0000019e128740d0_0, 0;
    %load/vec4 v0000019e12843340_0;
    %cmpi/u 7, 0, 3;
    %jmp/0xz  T_0.14, 5;
    %load/vec4 v0000019e12843340_0;
    %addi 1, 0, 3;
    %assign/vec4 v0000019e12843340_0, 0;
    %jmp T_0.15;
T_0.14 ;
    %pushi/vec4 0, 0, 3;
    %assign/vec4 v0000019e12843340_0, 0;
    %pushi/vec4 3, 0, 2;
    %assign/vec4 v0000019e128742b0_0, 0;
T_0.15 ;
T_0.13 ;
    %jmp T_0.7;
T_0.5 ;
    %pushi/vec4 1, 0, 1;
    %assign/vec4 v0000019e12874350_0, 0;
    %load/vec4 v0000019e128740d0_0;
    %pad/u 32;
    %cmpi/u 207, 0, 32;
    %jmp/0xz  T_0.16, 5;
    %load/vec4 v0000019e128740d0_0;
    %addi 1, 0, 16;
    %assign/vec4 v0000019e128740d0_0, 0;
    %jmp T_0.17;
T_0.16 ;
    %pushi/vec4 0, 0, 16;
    %assign/vec4 v0000019e128740d0_0, 0;
    %pushi/vec4 0, 0, 2;
    %assign/vec4 v0000019e128742b0_0, 0;
    %pushi/vec4 0, 0, 1;
    %assign/vec4 v0000019e128743f0_0, 0;
T_0.17 ;
    %jmp T_0.7;
T_0.7 ;
    %pop/vec4 1;
T_0.1 ;
    %jmp T_0;
    .thread T_0;
# The file index is used to find the file name in the following table.
:file_names 3;
    "N/A";
    "<interactive>";
    "transmitter.v";
